2025-05-12 22:09:19,698 - httpx - INFO - HTTP Request: POST https://api.telegram.org/bot7109130727:AAFSsFknqHA_XbrKEaxWwuxyFU8zzDg42SA/getMe "HTTP/1.1 200 OK"
2025-05-12 22:09:19,786 - httpx - INFO - HTTP Request: POST https://api.telegram.org/bot7109130727:AAFSsFknqHA_XbrKEaxWwuxyFU8zzDg42SA/deleteWebhook "HTTP/1.1 200 OK"
2025-05-12 22:09:19,788 - telegram.ext.Application - INFO - Application started
2025-05-12 22:09:30,107 - httpx - INFO - HTTP Request: POST https://api.telegram.org/bot7109130727:AAFSsFknqHA_XbrKEaxWwuxyFU8zzDg42SA/getUpdates "HTTP/1.1 200 OK"
2025-05-12 22:09:36,629 - httpx - INFO - HTTP Request: POST https://api.telegram.org/bot7109130727:AAFSsFknqHA_XbrKEaxWwuxyFU8zzDg42SA/getUpdates "HTTP/1.1 200 OK"
2025-05-12 22:09:36,933 - httpx - INFO - HTTP Request: POST https://api.telegram.org/bot7109130727:AAFSsFknqHA_XbrKEaxWwuxyFU8zzDg42SA/sendMessage "HTTP/1.1 200 OK"
2025-05-12 22:09:46,702 - httpx - INFO - HTTP Request: POST https://api.telegram.org/bot7109130727:AAFSsFknqHA_XbrKEaxWwuxyFU8zzDg42SA/getUpdates "HTTP/1.1 200 OK"
2025-05-12 22:09:46,979 - httpx - INFO - HTTP Request: POST https://api.telegram.org/bot7109130727:AAFSsFknqHA_XbrKEaxWwuxyFU8zzDg42SA/sendMessage "HTTP/1.1 200 OK"
2025-05-12 22:09:50,474 - httpx - INFO - HTTP Request: POST https://api.telegram.org/bot7109130727:AAFSsFknqHA_XbrKEaxWwuxyFU8zzDg42SA/getUpdates "HTTP/1.1 200 OK"
2025-05-12 22:09:50,578 - httpx - INFO - HTTP Request: POST https://api.telegram.org/bot7109130727:AAFSsFknqHA_XbrKEaxWwuxyFU8zzDg42SA/sendMessage "HTTP/1.1 200 OK"
2025-05-12 22:09:54,612 - httpx - INFO - HTTP Request: POST https://api.telegram.org/bot7109130727:AAFSsFknqHA_XbrKEaxWwuxyFU8zzDg42SA/getUpdates "HTTP/1.1 200 OK"
2025-05-12 22:09:54,739 - httpx - INFO - HTTP Request: POST https://api.telegram.org/bot7109130727:AAFSsFknqHA_XbrKEaxWwuxyFU8zzDg42SA/sendMessage "HTTP/1.1 200 OK"
2025-05-12 22:09:54,846 - httpx - INFO - HTTP Request: POST https://api.telegram.org/bot7109130727:AAFSsFknqHA_XbrKEaxWwuxyFU8zzDg42SA/sendMessage "HTTP/1.1 200 OK"
2025-05-12 22:09:57,062 - httpx - INFO - HTTP Request: POST https://api.telegram.org/bot7109130727:AAFSsFknqHA_XbrKEaxWwuxyFU8zzDg42SA/getUpdates "HTTP/1.1 200 OK"
2025-05-12 22:09:57,212 - httpx - INFO - HTTP Request: POST https://api.telegram.org/bot7109130727:AAFSsFknqHA_XbrKEaxWwuxyFU8zzDg42SA/sendMessage "HTTP/1.1 200 OK"
2025-05-12 22:09:59,279 - httpx - INFO - HTTP Request: POST https://api.telegram.org/bot7109130727:AAFSsFknqHA_XbrKEaxWwuxyFU8zzDg42SA/getUpdates "HTTP/1.1 200 OK"
2025-05-12 22:09:59,417 - httpx - INFO - HTTP Request: POST https://api.telegram.org/bot7109130727:AAFSsFknqHA_XbrKEaxWwuxyFU8zzDg42SA/sendMessage "HTTP/1.1 200 OK"
2025-05-12 22:09:59,543 - httpx - INFO - HTTP Request: POST https://api.telegram.org/bot7109130727:AAFSsFknqHA_XbrKEaxWwuxyFU8zzDg42SA/sendMessage "HTTP/1.1 200 OK"
2025-05-12 22:10:00,873 - httpx - INFO - HTTP Request: POST https://api.telegram.org/bot7109130727:AAFSsFknqHA_XbrKEaxWwuxyFU8zzDg42SA/getUpdates "HTTP/1.1 200 OK"
2025-05-12 22:10:01,007 - httpx - INFO - HTTP Request: POST https://api.telegram.org/bot7109130727:AAFSsFknqHA_XbrKEaxWwuxyFU8zzDg42SA/sendMessage "HTTP/1.1 200 OK"
2025-05-12 22:10:01,140 - httpx - INFO - HTTP Request: POST https://api.telegram.org/bot7109130727:AAFSsFknqHA_XbrKEaxWwuxyFU8zzDg42SA/sendMessage "HTTP/1.1 200 OK"
2025-05-12 22:10:02,866 - httpx - INFO - HTTP Request: POST https://api.telegram.org/bot7109130727:AAFSsFknqHA_XbrKEaxWwuxyFU8zzDg42SA/getUpdates "HTTP/1.1 200 OK"
2025-05-12 22:10:02,976 - httpx - INFO - HTTP Request: POST https://api.telegram.org/bot7109130727:AAFSsFknqHA_XbrKEaxWwuxyFU8zzDg42SA/sendMessage "HTTP/1.1 200 OK"
2025-05-12 22:10:04,732 - httpx - INFO - HTTP Request: POST https://api.telegram.org/bot7109130727:AAFSsFknqHA_XbrKEaxWwuxyFU8zzDg42SA/getUpdates "HTTP/1.1 200 OK"
2025-05-12 22:10:04,923 - httpx - INFO - HTTP Request: POST https://api.telegram.org/bot7109130727:AAFSsFknqHA_XbrKEaxWwuxyFU8zzDg42SA/sendMessage "HTTP/1.1 200 OK"
2025-05-12 22:10:05,637 - httpx - INFO - HTTP Request: POST https://api.telegram.org/bot7109130727:AAFSsFknqHA_XbrKEaxWwuxyFU8zzDg42SA/getUpdates "HTTP/1.1 200 OK"
2025-05-12 22:10:05,866 - httpx - INFO - HTTP Request: POST https://api.telegram.org/bot7109130727:AAFSsFknqHA_XbrKEaxWwuxyFU8zzDg42SA/sendMessage "HTTP/1.1 200 OK"
2025-05-12 22:10:06,441 - httpx - INFO - HTTP Request: POST https://api.telegram.org/bot7109130727:AAFSsFknqHA_XbrKEaxWwuxyFU8zzDg42SA/getUpdates "HTTP/1.1 200 OK"
2025-05-12 22:10:06,554 - httpx - INFO - HTTP Request: POST https://api.telegram.org/bot7109130727:AAFSsFknqHA_XbrKEaxWwuxyFU8zzDg42SA/sendMessage "HTTP/1.1 200 OK"
2025-05-12 22:10:16,613 - httpx - INFO - HTTP Request: POST https://api.telegram.org/bot7109130727:AAFSsFknqHA_XbrKEaxWwuxyFU8zzDg42SA/getUpdates "HTTP/1.1 200 OK"
2025-05-12 22:10:23,460 - httpx - INFO - HTTP Request: POST https://api.telegram.org/bot7109130727:AAFSsFknqHA_XbrKEaxWwuxyFU8zzDg42SA/getUpdates "HTTP/1.1 200 OK"
2025-05-12 22:10:23,763 - httpx - INFO - HTTP Request: POST https://api.telegram.org/bot7109130727:AAFSsFknqHA_XbrKEaxWwuxyFU8zzDg42SA/sendMessage "HTTP/1.1 200 OK"
2025-05-12 22:10:25,008 - httpx - INFO - HTTP Request: POST https://api.telegram.org/bot7109130727:AAFSsFknqHA_XbrKEaxWwuxyFU8zzDg42SA/getUpdates "HTTP/1.1 200 OK"
2025-05-12 22:10:25,118 - httpx - INFO - HTTP Request: POST https://api.telegram.org/bot7109130727:AAFSsFknqHA_XbrKEaxWwuxyFU8zzDg42SA/sendMessage "HTTP/1.1 200 OK"
2025-05-12 22:10:28,771 - httpx - INFO - HTTP Request: POST https://api.telegram.org/bot7109130727:AAFSsFknqHA_XbrKEaxWwuxyFU8zzDg42SA/getUpdates "HTTP/1.1 200 OK"
2025-05-12 22:10:28,878 - httpx - INFO - HTTP Request: POST https://api.telegram.org/bot7109130727:AAFSsFknqHA_XbrKEaxWwuxyFU8zzDg42SA/sendMessage "HTTP/1.1 200 OK"
2025-05-12 22:10:29,006 - httpx - INFO - HTTP Request: POST https://api.telegram.org/bot7109130727:AAFSsFknqHA_XbrKEaxWwuxyFU8zzDg42SA/sendMessage "HTTP/1.1 200 OK"
2025-05-12 22:10:33,718 - httpx - INFO - HTTP Request: POST https://api.telegram.org/bot7109130727:AAFSsFknqHA_XbrKEaxWwuxyFU8zzDg42SA/getUpdates "HTTP/1.1 200 OK"
2025-05-12 22:10:33,719 - telegram.ext.Application - INFO - Application is stopping. This might take a moment.
2025-05-12 22:10:33,719 - telegram.ext.Application - INFO - Application.stop() complete
2025-05-13 15:08:39,416 - httpx - INFO - HTTP Request: POST https://api.telegram.org/bot7109130727:AAFSsFknqHA_XbrKEaxWwuxyFU8zzDg42SA/getMe "HTTP/1.1 200 OK"
2025-05-13 15:08:39,498 - httpx - INFO - HTTP Request: POST https://api.telegram.org/bot7109130727:AAFSsFknqHA_XbrKEaxWwuxyFU8zzDg42SA/deleteWebhook "HTTP/1.1 200 OK"
2025-05-13 15:08:39,502 - telegram.ext.Application - INFO - Application started
2025-05-13 15:08:39,768 - httpx - INFO - HTTP Request: POST https://api.telegram.org/bot7109130727:AAFSsFknqHA_XbrKEaxWwuxyFU8zzDg42SA/getUpdates "HTTP/1.1 200 OK"
2025-05-13 15:08:39,899 - httpx - INFO - HTTP Request: POST https://api.telegram.org/bot7109130727:AAFSsFknqHA_XbrKEaxWwuxyFU8zzDg42SA/sendMessage "HTTP/1.1 200 OK"
2025-05-13 15:08:49,892 - httpx - INFO - HTTP Request: POST https://api.telegram.org/bot7109130727:AAFSsFknqHA_XbrKEaxWwuxyFU8zzDg42SA/getUpdates "HTTP/1.1 200 OK"
2025-05-13 15:08:55,849 - httpx - INFO - HTTP Request: POST https://api.telegram.org/bot7109130727:AAFSsFknqHA_XbrKEaxWwuxyFU8zzDg42SA/getUpdates "HTTP/1.1 200 OK"
2025-05-13 15:08:56,141 - httpx - INFO - HTTP Request: POST https://api.telegram.org/bot7109130727:AAFSsFknqHA_XbrKEaxWwuxyFU8zzDg42SA/sendMessage "HTTP/1.1 200 OK"
2025-05-13 15:08:59,765 - httpx - INFO - HTTP Request: POST https://api.telegram.org/bot7109130727:AAFSsFknqHA_XbrKEaxWwuxyFU8zzDg42SA/getUpdates "HTTP/1.1 200 OK"
2025-05-13 15:08:59,953 - httpx - INFO - HTTP Request: POST https://api.telegram.org/bot7109130727:AAFSsFknqHA_XbrKEaxWwuxyFU8zzDg42SA/sendMessage "HTTP/1.1 200 OK"
2025-05-13 15:09:00,139 - httpx - INFO - HTTP Request: POST https://api.telegram.org/bot7109130727:AAFSsFknqHA_XbrKEaxWwuxyFU8zzDg42SA/sendMessage "HTTP/1.1 200 OK"
2025-05-13 15:09:09,731 - httpx - INFO - HTTP Request: POST https://api.telegram.org/bot7109130727:AAFSsFknqHA_XbrKEaxWwuxyFU8zzDg42SA/getUpdates "HTTP/1.1 200 OK"
2025-05-13 15:09:10,144 - httpx - INFO - HTTP Request: POST https://api.telegram.org/bot7109130727:AAFSsFknqHA_XbrKEaxWwuxyFU8zzDg42SA/sendMessage "HTTP/1.1 200 OK"
2025-05-13 15:09:12,131 - httpx - INFO - HTTP Request: POST https://api.telegram.org/bot7109130727:AAFSsFknqHA_XbrKEaxWwuxyFU8zzDg42SA/getUpdates "HTTP/1.1 200 OK"
2025-05-13 15:09:12,244 - httpx - INFO - HTTP Request: POST https://api.telegram.org/bot7109130727:AAFSsFknqHA_XbrKEaxWwuxyFU8zzDg42SA/sendMessage "HTTP/1.1 200 OK"
2025-05-13 15:09:12,361 - httpx - INFO - HTTP Request: POST https://api.telegram.org/bot7109130727:AAFSsFknqHA_XbrKEaxWwuxyFU8zzDg42SA/sendMessage "HTTP/1.1 200 OK"
2025-05-13 15:09:20,513 - httpx - INFO - HTTP Request: POST https://api.telegram.org/bot7109130727:AAFSsFknqHA_XbrKEaxWwuxyFU8zzDg42SA/getUpdates "HTTP/1.1 200 OK"
2025-05-13 15:09:20,514 - telegram.ext.Application - INFO - Application is stopping. This might take a moment.
2025-05-13 15:09:20,514 - telegram.ext.Application - INFO - Application.stop() complete
2025-05-13 15:11:22,357 - httpx - INFO - HTTP Request: POST https://api.telegram.org/bot7109130727:AAFSsFknqHA_XbrKEaxWwuxyFU8zzDg42SA/getMe "HTTP/1.1 200 OK"
2025-05-13 15:11:22,431 - httpx - INFO - HTTP Request: POST https://api.telegram.org/bot7109130727:AAFSsFknqHA_XbrKEaxWwuxyFU8zzDg42SA/deleteWebhook "HTTP/1.1 200 OK"
2025-05-13 15:11:22,434 - telegram.ext.Application - INFO - Application started
2025-05-13 15:11:29,004 - httpx - INFO - HTTP Request: POST https://api.telegram.org/bot7109130727:AAFSsFknqHA_XbrKEaxWwuxyFU8zzDg42SA/getUpdates "HTTP/1.1 200 OK"
2025-05-13 15:11:39,141 - httpx - INFO - HTTP Request: POST https://api.telegram.org/bot7109130727:AAFSsFknqHA_XbrKEaxWwuxyFU8zzDg42SA/getUpdates "HTTP/1.1 200 OK"
2025-05-13 15:11:41,907 - httpx - INFO - HTTP Request: POST https://api.telegram.org/bot7109130727:AAFSsFknqHA_XbrKEaxWwuxyFU8zzDg42SA/getUpdates "HTTP/1.1 200 OK"
2025-05-13 15:11:42,190 - httpx - INFO - HTTP Request: POST https://api.telegram.org/bot7109130727:AAFSsFknqHA_XbrKEaxWwuxyFU8zzDg42SA/sendMessage "HTTP/1.1 200 OK"
2025-05-13 15:11:44,162 - httpx - INFO - HTTP Request: POST https://api.telegram.org/bot7109130727:AAFSsFknqHA_XbrKEaxWwuxyFU8zzDg42SA/getUpdates "HTTP/1.1 200 OK"
2025-05-13 15:11:44,293 - httpx - INFO - HTTP Request: POST https://api.telegram.org/bot7109130727:AAFSsFknqHA_XbrKEaxWwuxyFU8zzDg42SA/sendMessage "HTTP/1.1 200 OK"
2025-05-13 15:11:45,388 - httpx - INFO - HTTP Request: POST https://api.telegram.org/bot7109130727:AAFSsFknqHA_XbrKEaxWwuxyFU8zzDg42SA/getUpdates "HTTP/1.1 200 OK"
2025-05-13 15:11:45,595 - httpx - INFO - HTTP Request: POST https://api.telegram.org/bot7109130727:AAFSsFknqHA_XbrKEaxWwuxyFU8zzDg42SA/sendMessage "HTTP/1.1 200 OK"
2025-05-13 15:11:46,865 - httpx - INFO - HTTP Request: POST https://api.telegram.org/bot7109130727:AAFSsFknqHA_XbrKEaxWwuxyFU8zzDg42SA/getUpdates "HTTP/1.1 200 OK"
2025-05-13 15:11:47,066 - httpx - INFO - HTTP Request: POST https://api.telegram.org/bot7109130727:AAFSsFknqHA_XbrKEaxWwuxyFU8zzDg42SA/sendMessage "HTTP/1.1 200 OK"
2025-05-13 15:11:52,249 - httpx - INFO - HTTP Request: POST https://api.telegram.org/bot7109130727:AAFSsFknqHA_XbrKEaxWwuxyFU8zzDg42SA/getUpdates "HTTP/1.1 200 OK"
2025-05-13 15:11:52,521 - httpx - INFO - HTTP Request: POST https://api.telegram.org/bot7109130727:AAFSsFknqHA_XbrKEaxWwuxyFU8zzDg42SA/sendMessage "HTTP/1.1 200 OK"
2025-05-13 15:11:53,683 - httpx - INFO - HTTP Request: POST https://api.telegram.org/bot7109130727:AAFSsFknqHA_XbrKEaxWwuxyFU8zzDg42SA/getUpdates "HTTP/1.1 200 OK"
2025-05-13 15:11:53,802 - httpx - INFO - HTTP Request: POST https://api.telegram.org/bot7109130727:AAFSsFknqHA_XbrKEaxWwuxyFU8zzDg42SA/sendMessage "HTTP/1.1 200 OK"
2025-05-13 15:11:55,627 - httpx - INFO - HTTP Request: POST https://api.telegram.org/bot7109130727:AAFSsFknqHA_XbrKEaxWwuxyFU8zzDg42SA/getUpdates "HTTP/1.1 200 OK"
2025-05-13 15:11:55,759 - httpx - INFO - HTTP Request: POST https://api.telegram.org/bot7109130727:AAFSsFknqHA_XbrKEaxWwuxyFU8zzDg42SA/sendMessage "HTTP/1.1 200 OK"
2025-05-13 15:11:56,549 - httpx - INFO - HTTP Request: POST https://api.telegram.org/bot7109130727:AAFSsFknqHA_XbrKEaxWwuxyFU8zzDg42SA/getUpdates "HTTP/1.1 200 OK"
2025-05-13 15:11:56,665 - httpx - INFO - HTTP Request: POST https://api.telegram.org/bot7109130727:AAFSsFknqHA_XbrKEaxWwuxyFU8zzDg42SA/sendMessage "HTTP/1.1 200 OK"
2025-05-13 15:11:57,574 - httpx - INFO - HTTP Request: POST https://api.telegram.org/bot7109130727:AAFSsFknqHA_XbrKEaxWwuxyFU8zzDg42SA/getUpdates "HTTP/1.1 200 OK"
2025-05-13 15:11:57,680 - httpx - INFO - HTTP Request: POST https://api.telegram.org/bot7109130727:AAFSsFknqHA_XbrKEaxWwuxyFU8zzDg42SA/sendMessage "HTTP/1.1 200 OK"
2025-05-13 15:11:58,400 - httpx - INFO - HTTP Request: POST https://api.telegram.org/bot7109130727:AAFSsFknqHA_XbrKEaxWwuxyFU8zzDg42SA/getUpdates "HTTP/1.1 200 OK"
2025-05-13 15:11:58,570 - httpx - INFO - HTTP Request: POST https://api.telegram.org/bot7109130727:AAFSsFknqHA_XbrKEaxWwuxyFU8zzDg42SA/sendMessage "HTTP/1.1 200 OK"
2025-05-13 15:12:01,670 - httpx - INFO - HTTP Request: POST https://api.telegram.org/bot7109130727:AAFSsFknqHA_XbrKEaxWwuxyFU8zzDg42SA/getUpdates "HTTP/1.1 200 OK"
2025-05-13 15:12:01,776 - httpx - INFO - HTTP Request: POST https://api.telegram.org/bot7109130727:AAFSsFknqHA_XbrKEaxWwuxyFU8zzDg42SA/sendMessage "HTTP/1.1 200 OK"
2025-05-13 15:12:11,808 - httpx - INFO - HTTP Request: POST https://api.telegram.org/bot7109130727:AAFSsFknqHA_XbrKEaxWwuxyFU8zzDg42SA/getUpdates "HTTP/1.1 200 OK"
2025-05-13 15:12:16,928 - httpx - INFO - HTTP Request: POST https://api.telegram.org/bot7109130727:AAFSsFknqHA_XbrKEaxWwuxyFU8zzDg42SA/getUpdates "HTTP/1.1 200 OK"
2025-05-13 15:12:17,215 - httpx - INFO - HTTP Request: POST https://api.telegram.org/bot7109130727:AAFSsFknqHA_XbrKEaxWwuxyFU8zzDg42SA/getFile "HTTP/1.1 200 OK"
2025-05-13 15:12:17,299 - httpx - INFO - HTTP Request: GET https://api.telegram.org/file/bot7109130727%3AAAFSsFknqHA_XbrKEaxWwuxyFU8zzDg42SA/photos/file_16.jpg "HTTP/1.1 200 OK"
2025-05-13 15:12:17,535 - httpx - INFO - HTTP Request: POST https://api.telegram.org/bot7109130727:AAFSsFknqHA_XbrKEaxWwuxyFU8zzDg42SA/sendMessage "HTTP/1.1 200 OK"
2025-05-13 15:12:19,695 - httpx - INFO - HTTP Request: POST https://api.telegram.org/bot7109130727:AAFSsFknqHA_XbrKEaxWwuxyFU8zzDg42SA/getUpdates "HTTP/1.1 200 OK"
2025-05-13 15:12:19,809 - httpx - INFO - HTTP Request: POST https://api.telegram.org/bot7109130727:AAFSsFknqHA_XbrKEaxWwuxyFU8zzDg42SA/sendMessage "HTTP/1.1 200 OK"
2025-05-13 15:12:20,922 - httpx - INFO - HTTP Request: POST https://api.telegram.org/bot7109130727:AAFSsFknqHA_XbrKEaxWwuxyFU8zzDg42SA/getUpdates "HTTP/1.1 200 OK"
2025-05-13 15:12:21,048 - httpx - INFO - HTTP Request: POST https://api.telegram.org/bot7109130727:AAFSsFknqHA_XbrKEaxWwuxyFU8zzDg42SA/sendMessage "HTTP/1.1 200 OK"
2025-05-13 15:12:22,150 - httpx - INFO - HTTP Request: POST https://api.telegram.org/bot7109130727:AAFSsFknqHA_XbrKEaxWwuxyFU8zzDg42SA/getUpdates "HTTP/1.1 200 OK"
2025-05-13 15:12:22,272 - httpx - INFO - HTTP Request: POST https://api.telegram.org/bot7109130727:AAFSsFknqHA_XbrKEaxWwuxyFU8zzDg42SA/sendMessage "HTTP/1.1 200 OK"
2025-05-13 15:12:22,970 - httpx - INFO - HTTP Request: POST https://api.telegram.org/bot7109130727:AAFSsFknqHA_XbrKEaxWwuxyFU8zzDg42SA/getUpdates "HTTP/1.1 200 OK"
2025-05-13 15:12:23,104 - httpx - INFO - HTTP Request: POST https://api.telegram.org/bot7109130727:AAFSsFknqHA_XbrKEaxWwuxyFU8zzDg42SA/sendMessage "HTTP/1.1 200 OK"
2025-05-13 15:12:29,935 - httpx - INFO - HTTP Request: POST https://api.telegram.org/bot7109130727:AAFSsFknqHA_XbrKEaxWwuxyFU8zzDg42SA/getUpdates "HTTP/1.1 200 OK"
2025-05-13 15:12:30,282 - httpx - INFO - HTTP Request: POST https://api.telegram.org/bot7109130727:AAFSsFknqHA_XbrKEaxWwuxyFU8zzDg42SA/sendMessage "HTTP/1.1 200 OK"
2025-05-13 15:12:38,126 - httpx - INFO - HTTP Request: POST https://api.telegram.org/bot7109130727:AAFSsFknqHA_XbrKEaxWwuxyFU8zzDg42SA/getUpdates "HTTP/1.1 200 OK"
2025-05-13 15:12:38,389 - httpx - INFO - HTTP Request: POST https://api.telegram.org/bot7109130727:AAFSsFknqHA_XbrKEaxWwuxyFU8zzDg42SA/getFile "HTTP/1.1 200 OK"
2025-05-13 15:12:38,472 - httpx - INFO - HTTP Request: GET https://api.telegram.org/file/bot7109130727%3AAAFSsFknqHA_XbrKEaxWwuxyFU8zzDg42SA/photos/file_17.jpg "HTTP/1.1 200 OK"
2025-05-13 15:12:38,667 - httpx - INFO - HTTP Request: POST https://api.telegram.org/bot7109130727:AAFSsFknqHA_XbrKEaxWwuxyFU8zzDg42SA/sendMessage "HTTP/1.1 200 OK"
2025-05-13 15:12:40,377 - httpx - INFO - HTTP Request: POST https://api.telegram.org/bot7109130727:AAFSsFknqHA_XbrKEaxWwuxyFU8zzDg42SA/getUpdates "HTTP/1.1 200 OK"
2025-05-13 15:12:40,497 - httpx - INFO - HTTP Request: POST https://api.telegram.org/bot7109130727:AAFSsFknqHA_XbrKEaxWwuxyFU8zzDg42SA/sendMessage "HTTP/1.1 200 OK"
2025-05-13 15:12:42,324 - httpx - INFO - HTTP Request: POST https://api.telegram.org/bot7109130727:AAFSsFknqHA_XbrKEaxWwuxyFU8zzDg42SA/getUpdates "HTTP/1.1 200 OK"
2025-05-13 15:12:42,547 - httpx - INFO - HTTP Request: POST https://api.telegram.org/bot7109130727:AAFSsFknqHA_XbrKEaxWwuxyFU8zzDg42SA/sendMessage "HTTP/1.1 200 OK"
2025-05-13 15:12:43,552 - httpx - INFO - HTTP Request: POST https://api.telegram.org/bot7109130727:AAFSsFknqHA_XbrKEaxWwuxyFU8zzDg42SA/getUpdates "HTTP/1.1 200 OK"
2025-05-13 15:12:43,716 - httpx - INFO - HTTP Request: POST https://api.telegram.org/bot7109130727:AAFSsFknqHA_XbrKEaxWwuxyFU8zzDg42SA/sendMessage "HTTP/1.1 200 OK"
2025-05-13 15:12:44,679 - httpx - INFO - HTTP Request: POST https://api.telegram.org/bot7109130727:AAFSsFknqHA_XbrKEaxWwuxyFU8zzDg42SA/getUpdates "HTTP/1.1 200 OK"
2025-05-13 15:12:44,828 - httpx - INFO - HTTP Request: POST https://api.telegram.org/bot7109130727:AAFSsFknqHA_XbrKEaxWwuxyFU8zzDg42SA/sendMessage "HTTP/1.1 200 OK"
2025-05-13 15:12:47,854 - httpx - INFO - HTTP Request: POST https://api.telegram.org/bot7109130727:AAFSsFknqHA_XbrKEaxWwuxyFU8zzDg42SA/getUpdates "HTTP/1.1 200 OK"
2025-05-13 15:12:48,060 - httpx - INFO - HTTP Request: POST https://api.telegram.org/bot7109130727:AAFSsFknqHA_XbrKEaxWwuxyFU8zzDg42SA/sendMessage "HTTP/1.1 200 OK"
2025-05-13 15:12:57,992 - httpx - INFO - HTTP Request: POST https://api.telegram.org/bot7109130727:AAFSsFknqHA_XbrKEaxWwuxyFU8zzDg42SA/getUpdates "HTTP/1.1 200 OK"
2025-05-13 15:12:58,404 - httpx - INFO - HTTP Request: POST https://api.telegram.org/bot7109130727:AAFSsFknqHA_XbrKEaxWwuxyFU8zzDg42SA/getUpdates "HTTP/1.1 200 OK"
2025-05-13 15:12:58,650 - httpx - INFO - HTTP Request: POST https://api.telegram.org/bot7109130727:AAFSsFknqHA_XbrKEaxWwuxyFU8zzDg42SA/getFile "HTTP/1.1 200 OK"
2025-05-13 15:12:58,729 - httpx - INFO - HTTP Request: GET https://api.telegram.org/file/bot7109130727%3AAAFSsFknqHA_XbrKEaxWwuxyFU8zzDg42SA/photos/file_18.jpg "HTTP/1.1 200 OK"
2025-05-13 15:12:58,915 - httpx - INFO - HTTP Request: POST https://api.telegram.org/bot7109130727:AAFSsFknqHA_XbrKEaxWwuxyFU8zzDg42SA/sendMessage "HTTP/1.1 200 OK"
2025-05-13 15:13:01,268 - httpx - INFO - HTTP Request: POST https://api.telegram.org/bot7109130727:AAFSsFknqHA_XbrKEaxWwuxyFU8zzDg42SA/getUpdates "HTTP/1.1 200 OK"
2025-05-13 15:13:01,382 - httpx - INFO - HTTP Request: POST https://api.telegram.org/bot7109130727:AAFSsFknqHA_XbrKEaxWwuxyFU8zzDg42SA/sendMessage "HTTP/1.1 200 OK"
2025-05-13 15:13:02,702 - httpx - INFO - HTTP Request: POST https://api.telegram.org/bot7109130727:AAFSsFknqHA_XbrKEaxWwuxyFU8zzDg42SA/getUpdates "HTTP/1.1 200 OK"
2025-05-13 15:13:02,837 - httpx - INFO - HTTP Request: POST https://api.telegram.org/bot7109130727:AAFSsFknqHA_XbrKEaxWwuxyFU8zzDg42SA/sendMessage "HTTP/1.1 200 OK"
2025-05-13 15:13:04,034 - httpx - INFO - HTTP Request: POST https://api.telegram.org/bot7109130727:AAFSsFknqHA_XbrKEaxWwuxyFU8zzDg42SA/getUpdates "HTTP/1.1 200 OK"
2025-05-13 15:13:04,265 - httpx - INFO - HTTP Request: POST https://api.telegram.org/bot7109130727:AAFSsFknqHA_XbrKEaxWwuxyFU8zzDg42SA/sendMessage "HTTP/1.1 200 OK"
2025-05-13 15:13:04,970 - httpx - INFO - HTTP Request: POST https://api.telegram.org/bot7109130727:AAFSsFknqHA_XbrKEaxWwuxyFU8zzDg42SA/getUpdates "HTTP/1.1 200 OK"
2025-05-13 15:13:05,089 - httpx - INFO - HTTP Request: POST https://api.telegram.org/bot7109130727:AAFSsFknqHA_XbrKEaxWwuxyFU8zzDg42SA/sendMessage "HTTP/1.1 200 OK"
2025-05-13 15:13:08,948 - httpx - INFO - HTTP Request: POST https://api.telegram.org/bot7109130727:AAFSsFknqHA_XbrKEaxWwuxyFU8zzDg42SA/getUpdates "HTTP/1.1 200 OK"
2025-05-13 15:13:09,124 - httpx - INFO - HTTP Request: POST https://api.telegram.org/bot7109130727:AAFSsFknqHA_XbrKEaxWwuxyFU8zzDg42SA/sendMessage "HTTP/1.1 200 OK"
2025-05-13 15:13:19,086 - httpx - INFO - HTTP Request: POST https://api.telegram.org/bot7109130727:AAFSsFknqHA_XbrKEaxWwuxyFU8zzDg42SA/getUpdates "HTTP/1.1 200 OK"
2025-05-13 15:13:24,718 - httpx - INFO - HTTP Request: POST https://api.telegram.org/bot7109130727:AAFSsFknqHA_XbrKEaxWwuxyFU8zzDg42SA/getUpdates "HTTP/1.1 200 OK"
2025-05-13 15:13:24,981 - httpx - INFO - HTTP Request: POST https://api.telegram.org/bot7109130727:AAFSsFknqHA_XbrKEaxWwuxyFU8zzDg42SA/getFile "HTTP/1.1 200 OK"
2025-05-13 15:13:25,060 - httpx - INFO - HTTP Request: GET https://api.telegram.org/file/bot7109130727%3AAAFSsFknqHA_XbrKEaxWwuxyFU8zzDg42SA/photos/file_19.jpg "HTTP/1.1 200 OK"
2025-05-13 15:13:25,393 - httpx - INFO - HTTP Request: POST https://api.telegram.org/bot7109130727:AAFSsFknqHA_XbrKEaxWwuxyFU8zzDg42SA/sendMessage "HTTP/1.1 200 OK"
2025-05-13 15:13:34,854 - httpx - INFO - HTTP Request: POST https://api.telegram.org/bot7109130727:AAFSsFknqHA_XbrKEaxWwuxyFU8zzDg42SA/getUpdates "HTTP/1.1 200 OK"
2025-05-13 15:13:44,994 - httpx - INFO - HTTP Request: POST https://api.telegram.org/bot7109130727:AAFSsFknqHA_XbrKEaxWwuxyFU8zzDg42SA/getUpdates "HTTP/1.1 200 OK"
2025-05-13 15:13:55,132 - httpx - INFO - HTTP Request: POST https://api.telegram.org/bot7109130727:AAFSsFknqHA_XbrKEaxWwuxyFU8zzDg42SA/getUpdates "HTTP/1.1 200 OK"
2025-05-13 15:14:05,270 - httpx - INFO - HTTP Request: POST https://api.telegram.org/bot7109130727:AAFSsFknqHA_XbrKEaxWwuxyFU8zzDg42SA/getUpdates "HTTP/1.1 200 OK"
2025-05-13 15:14:15,408 - httpx - INFO - HTTP Request: POST https://api.telegram.org/bot7109130727:AAFSsFknqHA_XbrKEaxWwuxyFU8zzDg42SA/getUpdates "HTTP/1.1 200 OK"
2025-05-13 15:14:25,494 - httpx - INFO - HTTP Request: POST https://api.telegram.org/bot7109130727:AAFSsFknqHA_XbrKEaxWwuxyFU8zzDg42SA/getUpdates "HTTP/1.1 200 OK"
2025-05-13 15:14:35,684 - httpx - INFO - HTTP Request: POST https://api.telegram.org/bot7109130727:AAFSsFknqHA_XbrKEaxWwuxyFU8zzDg42SA/getUpdates "HTTP/1.1 200 OK"
2025-05-13 15:14:45,821 - httpx - INFO - HTTP Request: POST https://api.telegram.org/bot7109130727:AAFSsFknqHA_XbrKEaxWwuxyFU8zzDg42SA/getUpdates "HTTP/1.1 200 OK"
2025-05-13 15:14:55,959 - httpx - INFO - HTTP Request: POST https://api.telegram.org/bot7109130727:AAFSsFknqHA_XbrKEaxWwuxyFU8zzDg42SA/getUpdates "HTTP/1.1 200 OK"
2025-05-13 15:15:06,096 - httpx - INFO - HTTP Request: POST https://api.telegram.org/bot7109130727:AAFSsFknqHA_XbrKEaxWwuxyFU8zzDg42SA/getUpdates "HTTP/1.1 200 OK"
2025-05-13 15:15:16,234 - httpx - INFO - HTTP Request: POST https://api.telegram.org/bot7109130727:AAFSsFknqHA_XbrKEaxWwuxyFU8zzDg42SA/getUpdates "HTTP/1.1 200 OK"
2025-05-13 15:15:26,373 - httpx - INFO - HTTP Request: POST https://api.telegram.org/bot7109130727:AAFSsFknqHA_XbrKEaxWwuxyFU8zzDg42SA/getUpdates "HTTP/1.1 200 OK"
2025-05-13 15:15:36,456 - httpx - INFO - HTTP Request: POST https://api.telegram.org/bot7109130727:AAFSsFknqHA_XbrKEaxWwuxyFU8zzDg42SA/getUpdates "HTTP/1.1 200 OK"
2025-05-13 15:15:46,648 - httpx - INFO - HTTP Request: POST https://api.telegram.org/bot7109130727:AAFSsFknqHA_XbrKEaxWwuxyFU8zzDg42SA/getUpdates "HTTP/1.1 200 OK"
2025-05-13 15:17:04,017 - httpx - INFO - HTTP Request: POST https://api.telegram.org/bot7109130727:AAFSsFknqHA_XbrKEaxWwuxyFU8zzDg42SA/getUpdates "HTTP/1.1 200 OK"
2025-05-13 15:17:08,470 - httpx - INFO - HTTP Request: POST https://api.telegram.org/bot7109130727:AAFSsFknqHA_XbrKEaxWwuxyFU8zzDg42SA/getUpdates "HTTP/1.1 200 OK"
2025-05-13 15:17:08,470 - telegram.ext.Application - INFO - Application is stopping. This might take a moment.
2025-05-13 15:17:08,471 - telegram.ext.Application - INFO - Application.stop() complete
2025-05-13 15:17:17,793 - httpx - INFO - HTTP Request: POST https://api.telegram.org/bot7109130727:AAFSsFknqHA_XbrKEaxWwuxyFU8zzDg42SA/getMe "HTTP/1.1 200 OK"
2025-05-13 15:17:17,878 - httpx - INFO - HTTP Request: POST https://api.telegram.org/bot7109130727:AAFSsFknqHA_XbrKEaxWwuxyFU8zzDg42SA/deleteWebhook "HTTP/1.1 200 OK"
2025-05-13 15:17:17,879 - telegram.ext.Application - INFO - Application started
2025-05-13 15:17:18,120 - httpx - INFO - HTTP Request: POST https://api.telegram.org/bot7109130727:AAFSsFknqHA_XbrKEaxWwuxyFU8zzDg42SA/getUpdates "HTTP/1.1 200 OK"
2025-05-13 15:17:18,246 - httpx - INFO - HTTP Request: POST https://api.telegram.org/bot7109130727:AAFSsFknqHA_XbrKEaxWwuxyFU8zzDg42SA/sendMessage "HTTP/1.1 200 OK"
2025-05-13 15:17:23,977 - httpx - INFO - HTTP Request: POST https://api.telegram.org/bot7109130727:AAFSsFknqHA_XbrKEaxWwuxyFU8zzDg42SA/getUpdates "HTTP/1.1 200 OK"
2025-05-13 15:17:24,242 - httpx - INFO - HTTP Request: POST https://api.telegram.org/bot7109130727:AAFSsFknqHA_XbrKEaxWwuxyFU8zzDg42SA/sendMessage "HTTP/1.1 200 OK"
2025-05-13 15:17:31,114 - httpx - INFO - HTTP Request: POST https://api.telegram.org/bot7109130727:AAFSsFknqHA_XbrKEaxWwuxyFU8zzDg42SA/getUpdates "HTTP/1.1 200 OK"
2025-05-13 15:17:31,396 - httpx - INFO - HTTP Request: POST https://api.telegram.org/bot7109130727:AAFSsFknqHA_XbrKEaxWwuxyFU8zzDg42SA/sendMessage "HTTP/1.1 200 OK"
2025-05-13 15:17:33,738 - httpx - INFO - HTTP Request: POST https://api.telegram.org/bot7109130727:AAFSsFknqHA_XbrKEaxWwuxyFU8zzDg42SA/getUpdates "HTTP/1.1 200 OK"
2025-05-13 15:17:33,847 - httpx - INFO - HTTP Request: POST https://api.telegram.org/bot7109130727:AAFSsFknqHA_XbrKEaxWwuxyFU8zzDg42SA/sendMessage "HTTP/1.1 200 OK"
2025-05-13 15:17:41,558 - httpx - INFO - HTTP Request: POST https://api.telegram.org/bot7109130727:AAFSsFknqHA_XbrKEaxWwuxyFU8zzDg42SA/getUpdates "HTTP/1.1 200 OK"
2025-05-13 15:17:41,835 - httpx - INFO - HTTP Request: POST https://api.telegram.org/bot7109130727:AAFSsFknqHA_XbrKEaxWwuxyFU8zzDg42SA/sendMessage "HTTP/1.1 200 OK"
2025-05-13 15:17:41,944 - httpx - INFO - HTTP Request: POST https://api.telegram.org/bot7109130727:AAFSsFknqHA_XbrKEaxWwuxyFU8zzDg42SA/sendMessage "HTTP/1.1 200 OK"
2025-05-13 15:17:46,746 - httpx - INFO - HTTP Request: POST https://api.telegram.org/bot7109130727:AAFSsFknqHA_XbrKEaxWwuxyFU8zzDg42SA/getUpdates "HTTP/1.1 200 OK"
2025-05-13 15:17:46,863 - httpx - INFO - HTTP Request: POST https://api.telegram.org/bot7109130727:AAFSsFknqHA_XbrKEaxWwuxyFU8zzDg42SA/sendMessage "HTTP/1.1 200 OK"
2025-05-13 15:17:48,979 - httpx - INFO - HTTP Request: POST https://api.telegram.org/bot7109130727:AAFSsFknqHA_XbrKEaxWwuxyFU8zzDg42SA/getUpdates "HTTP/1.1 200 OK"
2025-05-13 15:17:49,171 - httpx - INFO - HTTP Request: POST https://api.telegram.org/bot7109130727:AAFSsFknqHA_XbrKEaxWwuxyFU8zzDg42SA/sendMessage "HTTP/1.1 200 OK"
2025-05-13 15:17:50,647 - httpx - INFO - HTTP Request: POST https://api.telegram.org/bot7109130727:AAFSsFknqHA_XbrKEaxWwuxyFU8zzDg42SA/getUpdates "HTTP/1.1 200 OK"
2025-05-13 15:17:51,280 - httpx - INFO - HTTP Request: POST https://api.telegram.org/bot7109130727:AAFSsFknqHA_XbrKEaxWwuxyFU8zzDg42SA/sendPhoto "HTTP/1.1 200 OK"
2025-05-13 15:17:51,561 - httpx - INFO - HTTP Request: POST https://api.telegram.org/bot7109130727:AAFSsFknqHA_XbrKEaxWwuxyFU8zzDg42SA/sendPhoto "HTTP/1.1 200 OK"
2025-05-13 15:17:51,809 - httpx - INFO - HTTP Request: POST https://api.telegram.org/bot7109130727:AAFSsFknqHA_XbrKEaxWwuxyFU8zzDg42SA/sendPhoto "HTTP/1.1 200 OK"
2025-05-13 15:17:52,407 - httpx - INFO - HTTP Request: POST https://api.telegram.org/bot7109130727:AAFSsFknqHA_XbrKEaxWwuxyFU8zzDg42SA/sendPhoto "HTTP/1.1 200 OK"
2025-05-13 15:17:52,539 - httpx - INFO - HTTP Request: POST https://api.telegram.org/bot7109130727:AAFSsFknqHA_XbrKEaxWwuxyFU8zzDg42SA/sendMessage "HTTP/1.1 200 OK"
2025-05-13 15:17:58,415 - httpx - INFO - HTTP Request: POST https://api.telegram.org/bot7109130727:AAFSsFknqHA_XbrKEaxWwuxyFU8zzDg42SA/getUpdates "HTTP/1.1 200 OK"
2025-05-13 15:17:58,697 - httpx - INFO - HTTP Request: POST https://api.telegram.org/bot7109130727:AAFSsFknqHA_XbrKEaxWwuxyFU8zzDg42SA/sendDocument "HTTP/1.1 200 OK"
2025-05-13 15:18:03,115 - httpx - INFO - HTTP Request: POST https://api.telegram.org/bot7109130727:AAFSsFknqHA_XbrKEaxWwuxyFU8zzDg42SA/getUpdates "HTTP/1.1 200 OK"
2025-05-13 15:18:13,297 - httpx - INFO - HTTP Request: POST https://api.telegram.org/bot7109130727:AAFSsFknqHA_XbrKEaxWwuxyFU8zzDg42SA/getUpdates "HTTP/1.1 200 OK"
2025-05-13 15:18:13,533 - httpx - INFO - HTTP Request: POST https://api.telegram.org/bot7109130727:AAFSsFknqHA_XbrKEaxWwuxyFU8zzDg42SA/getUpdates "HTTP/1.1 200 OK"
2025-05-13 15:18:23,637 - httpx - INFO - HTTP Request: POST https://api.telegram.org/bot7109130727:AAFSsFknqHA_XbrKEaxWwuxyFU8zzDg42SA/getUpdates "HTTP/1.1 200 OK"
2025-05-13 15:18:33,777 - httpx - INFO - HTTP Request: POST https://api.telegram.org/bot7109130727:AAFSsFknqHA_XbrKEaxWwuxyFU8zzDg42SA/getUpdates "HTTP/1.1 200 OK"
2025-05-13 15:18:43,913 - httpx - INFO - HTTP Request: POST https://api.telegram.org/bot7109130727:AAFSsFknqHA_XbrKEaxWwuxyFU8zzDg42SA/getUpdates "HTTP/1.1 200 OK"
2025-05-13 15:18:54,053 - httpx - INFO - HTTP Request: POST https://api.telegram.org/bot7109130727:AAFSsFknqHA_XbrKEaxWwuxyFU8zzDg42SA/getUpdates "HTTP/1.1 200 OK"
2025-05-13 15:19:04,135 - httpx - INFO - HTTP Request: POST https://api.telegram.org/bot7109130727:AAFSsFknqHA_XbrKEaxWwuxyFU8zzDg42SA/getUpdates "HTTP/1.1 200 OK"
2025-05-13 15:19:14,220 - httpx - INFO - HTTP Request: POST https://api.telegram.org/bot7109130727:AAFSsFknqHA_XbrKEaxWwuxyFU8zzDg42SA/getUpdates "HTTP/1.1 200 OK"
2025-05-13 15:19:14,374 - httpx - INFO - HTTP Request: POST https://api.telegram.org/bot7109130727:AAFSsFknqHA_XbrKEaxWwuxyFU8zzDg42SA/getUpdates "HTTP/1.1 200 OK"
2025-05-13 15:19:14,646 - httpx - INFO - HTTP Request: POST https://api.telegram.org/bot7109130727:AAFSsFknqHA_XbrKEaxWwuxyFU8zzDg42SA/getFile "HTTP/1.1 200 OK"
2025-05-13 15:19:14,737 - httpx - INFO - HTTP Request: GET https://api.telegram.org/file/bot7109130727%3AAAFSsFknqHA_XbrKEaxWwuxyFU8zzDg42SA/documents/file_20.csv "HTTP/1.1 200 OK"
2025-05-13 15:19:14,941 - httpx - INFO - HTTP Request: POST https://api.telegram.org/bot7109130727:AAFSsFknqHA_XbrKEaxWwuxyFU8zzDg42SA/sendMessage "HTTP/1.1 200 OK"
2025-05-13 15:19:15,171 - httpx - INFO - HTTP Request: POST https://api.telegram.org/bot7109130727:AAFSsFknqHA_XbrKEaxWwuxyFU8zzDg42SA/sendMessage "HTTP/1.1 200 OK"
2025-05-13 15:19:24,016 - httpx - INFO - HTTP Request: POST https://api.telegram.org/bot7109130727:AAFSsFknqHA_XbrKEaxWwuxyFU8zzDg42SA/getUpdates "HTTP/1.1 200 OK"
2025-05-13 15:19:24,291 - httpx - INFO - HTTP Request: POST https://api.telegram.org/bot7109130727:AAFSsFknqHA_XbrKEaxWwuxyFU8zzDg42SA/sendMessage "HTTP/1.1 200 OK"
2025-05-13 15:19:25,704 - httpx - INFO - HTTP Request: POST https://api.telegram.org/bot7109130727:AAFSsFknqHA_XbrKEaxWwuxyFU8zzDg42SA/getUpdates "HTTP/1.1 200 OK"
2025-05-13 15:19:25,824 - httpx - INFO - HTTP Request: POST https://api.telegram.org/bot7109130727:AAFSsFknqHA_XbrKEaxWwuxyFU8zzDg42SA/sendMessage "HTTP/1.1 200 OK"
2025-05-13 15:19:26,820 - httpx - INFO - HTTP Request: POST https://api.telegram.org/bot7109130727:AAFSsFknqHA_XbrKEaxWwuxyFU8zzDg42SA/getUpdates "HTTP/1.1 200 OK"
2025-05-13 15:19:26,929 - httpx - INFO - HTTP Request: POST https://api.telegram.org/bot7109130727:AAFSsFknqHA_XbrKEaxWwuxyFU8zzDg42SA/sendMessage "HTTP/1.1 200 OK"
2025-05-13 15:19:27,684 - httpx - INFO - HTTP Request: POST https://api.telegram.org/bot7109130727:AAFSsFknqHA_XbrKEaxWwuxyFU8zzDg42SA/getUpdates "HTTP/1.1 200 OK"
2025-05-13 15:19:27,818 - httpx - INFO - HTTP Request: POST https://api.telegram.org/bot7109130727:AAFSsFknqHA_XbrKEaxWwuxyFU8zzDg42SA/sendMessage "HTTP/1.1 200 OK"
2025-05-13 15:19:33,631 - httpx - INFO - HTTP Request: POST https://api.telegram.org/bot7109130727:AAFSsFknqHA_XbrKEaxWwuxyFU8zzDg42SA/getUpdates "HTTP/1.1 200 OK"
2025-05-13 15:19:34,195 - httpx - INFO - HTTP Request: POST https://api.telegram.org/bot7109130727:AAFSsFknqHA_XbrKEaxWwuxyFU8zzDg42SA/sendMessage "HTTP/1.1 200 OK"
2025-05-13 15:19:41,092 - httpx - INFO - HTTP Request: POST https://api.telegram.org/bot7109130727:AAFSsFknqHA_XbrKEaxWwuxyFU8zzDg42SA/getUpdates "HTTP/1.1 200 OK"
2025-05-13 15:19:41,393 - httpx - INFO - HTTP Request: POST https://api.telegram.org/bot7109130727:AAFSsFknqHA_XbrKEaxWwuxyFU8zzDg42SA/sendMessage "HTTP/1.1 200 OK"
2025-05-13 15:19:42,619 - httpx - INFO - HTTP Request: POST https://api.telegram.org/bot7109130727:AAFSsFknqHA_XbrKEaxWwuxyFU8zzDg42SA/getUpdates "HTTP/1.1 200 OK"
2025-05-13 15:19:42,797 - httpx - INFO - HTTP Request: POST https://api.telegram.org/bot7109130727:AAFSsFknqHA_XbrKEaxWwuxyFU8zzDg42SA/sendMessage "HTTP/1.1 200 OK"
2025-05-13 15:19:43,748 - httpx - INFO - HTTP Request: POST https://api.telegram.org/bot7109130727:AAFSsFknqHA_XbrKEaxWwuxyFU8zzDg42SA/getUpdates "HTTP/1.1 200 OK"
2025-05-13 15:19:43,865 - httpx - INFO - HTTP Request: POST https://api.telegram.org/bot7109130727:AAFSsFknqHA_XbrKEaxWwuxyFU8zzDg42SA/sendMessage "HTTP/1.1 200 OK"
2025-05-13 15:19:43,978 - httpx - INFO - HTTP Request: POST https://api.telegram.org/bot7109130727:AAFSsFknqHA_XbrKEaxWwuxyFU8zzDg42SA/sendMessage "HTTP/1.1 200 OK"
2025-05-13 15:19:50,256 - httpx - INFO - HTTP Request: POST https://api.telegram.org/bot7109130727:AAFSsFknqHA_XbrKEaxWwuxyFU8zzDg42SA/getUpdates "HTTP/1.1 200 OK"
2025-05-13 15:19:50,550 - httpx - INFO - HTTP Request: POST https://api.telegram.org/bot7109130727:AAFSsFknqHA_XbrKEaxWwuxyFU8zzDg42SA/sendMessage "HTTP/1.1 200 OK"
2025-05-13 15:19:52,416 - httpx - INFO - HTTP Request: POST https://api.telegram.org/bot7109130727:AAFSsFknqHA_XbrKEaxWwuxyFU8zzDg42SA/getUpdates "HTTP/1.1 200 OK"
2025-05-13 15:19:52,643 - httpx - INFO - HTTP Request: POST https://api.telegram.org/bot7109130727:AAFSsFknqHA_XbrKEaxWwuxyFU8zzDg42SA/sendMessage "HTTP/1.1 200 OK"
2025-05-13 15:19:52,805 - httpx - INFO - HTTP Request: POST https://api.telegram.org/bot7109130727:AAFSsFknqHA_XbrKEaxWwuxyFU8zzDg42SA/sendMessage "HTTP/1.1 200 OK"
2025-05-13 15:20:02,559 - httpx - INFO - HTTP Request: POST https://api.telegram.org/bot7109130727:AAFSsFknqHA_XbrKEaxWwuxyFU8zzDg42SA/getUpdates "HTTP/1.1 200 OK"
2025-05-13 15:20:12,697 - httpx - INFO - HTTP Request: POST https://api.telegram.org/bot7109130727:AAFSsFknqHA_XbrKEaxWwuxyFU8zzDg42SA/getUpdates "HTTP/1.1 200 OK"
2025-05-13 15:20:22,835 - httpx - INFO - HTTP Request: POST https://api.telegram.org/bot7109130727:AAFSsFknqHA_XbrKEaxWwuxyFU8zzDg42SA/getUpdates "HTTP/1.1 200 OK"
2025-05-13 15:20:32,972 - httpx - INFO - HTTP Request: POST https://api.telegram.org/bot7109130727:AAFSsFknqHA_XbrKEaxWwuxyFU8zzDg42SA/getUpdates "HTTP/1.1 200 OK"
2025-05-13 15:20:43,110 - httpx - INFO - HTTP Request: POST https://api.telegram.org/bot7109130727:AAFSsFknqHA_XbrKEaxWwuxyFU8zzDg42SA/getUpdates "HTTP/1.1 200 OK"
2025-05-13 15:20:53,248 - httpx - INFO - HTTP Request: POST https://api.telegram.org/bot7109130727:AAFSsFknqHA_XbrKEaxWwuxyFU8zzDg42SA/getUpdates "HTTP/1.1 200 OK"
2025-05-13 15:21:03,387 - httpx - INFO - HTTP Request: POST https://api.telegram.org/bot7109130727:AAFSsFknqHA_XbrKEaxWwuxyFU8zzDg42SA/getUpdates "HTTP/1.1 200 OK"
2025-05-13 15:21:13,524 - httpx - INFO - HTTP Request: POST https://api.telegram.org/bot7109130727:AAFSsFknqHA_XbrKEaxWwuxyFU8zzDg42SA/getUpdates "HTTP/1.1 200 OK"
2025-05-13 15:21:23,664 - httpx - INFO - HTTP Request: POST https://api.telegram.org/bot7109130727:AAFSsFknqHA_XbrKEaxWwuxyFU8zzDg42SA/getUpdates "HTTP/1.1 200 OK"
2025-05-13 15:21:33,747 - httpx - INFO - HTTP Request: POST https://api.telegram.org/bot7109130727:AAFSsFknqHA_XbrKEaxWwuxyFU8zzDg42SA/getUpdates "HTTP/1.1 200 OK"
2025-05-13 15:21:43,829 - httpx - INFO - HTTP Request: POST https://api.telegram.org/bot7109130727:AAFSsFknqHA_XbrKEaxWwuxyFU8zzDg42SA/getUpdates "HTTP/1.1 200 OK"
2025-05-13 15:21:53,973 - httpx - INFO - HTTP Request: POST https://api.telegram.org/bot7109130727:AAFSsFknqHA_XbrKEaxWwuxyFU8zzDg42SA/getUpdates "HTTP/1.1 200 OK"
2025-05-13 15:22:04,111 - httpx - INFO - HTTP Request: POST https://api.telegram.org/bot7109130727:AAFSsFknqHA_XbrKEaxWwuxyFU8zzDg42SA/getUpdates "HTTP/1.1 200 OK"
2025-05-13 15:22:13,532 - httpx - INFO - HTTP Request: POST https://api.telegram.org/bot7109130727:AAFSsFknqHA_XbrKEaxWwuxyFU8zzDg42SA/getUpdates "HTTP/1.1 200 OK"
2025-05-13 15:22:13,811 - httpx - INFO - HTTP Request: POST https://api.telegram.org/bot7109130727:AAFSsFknqHA_XbrKEaxWwuxyFU8zzDg42SA/sendMessage "HTTP/1.1 200 OK"
2025-05-13 15:22:19,879 - httpx - INFO - HTTP Request: POST https://api.telegram.org/bot7109130727:AAFSsFknqHA_XbrKEaxWwuxyFU8zzDg42SA/getUpdates "HTTP/1.1 200 OK"
2025-05-13 15:22:20,191 - httpx - INFO - HTTP Request: POST https://api.telegram.org/bot7109130727:AAFSsFknqHA_XbrKEaxWwuxyFU8zzDg42SA/sendMessage "HTTP/1.1 200 OK"
2025-05-13 15:22:27,355 - httpx - INFO - HTTP Request: POST https://api.telegram.org/bot7109130727:AAFSsFknqHA_XbrKEaxWwuxyFU8zzDg42SA/getUpdates "HTTP/1.1 200 OK"
2025-05-13 15:22:27,680 - httpx - INFO - HTTP Request: POST https://api.telegram.org/bot7109130727:AAFSsFknqHA_XbrKEaxWwuxyFU8zzDg42SA/sendMessage "HTTP/1.1 200 OK"
2025-05-13 15:22:30,837 - httpx - INFO - HTTP Request: POST https://api.telegram.org/bot7109130727:AAFSsFknqHA_XbrKEaxWwuxyFU8zzDg42SA/getUpdates "HTTP/1.1 200 OK"
2025-05-13 15:22:31,065 - httpx - INFO - HTTP Request: POST https://api.telegram.org/bot7109130727:AAFSsFknqHA_XbrKEaxWwuxyFU8zzDg42SA/sendMessage "HTTP/1.1 200 OK"
2025-05-13 15:22:40,975 - httpx - INFO - HTTP Request: POST https://api.telegram.org/bot7109130727:AAFSsFknqHA_XbrKEaxWwuxyFU8zzDg42SA/getUpdates "HTTP/1.1 200 OK"
2025-05-13 15:22:42,973 - httpx - INFO - HTTP Request: POST https://api.telegram.org/bot7109130727:AAFSsFknqHA_XbrKEaxWwuxyFU8zzDg42SA/getUpdates "HTTP/1.1 200 OK"
2025-05-13 15:22:43,282 - httpx - INFO - HTTP Request: POST https://api.telegram.org/bot7109130727:AAFSsFknqHA_XbrKEaxWwuxyFU8zzDg42SA/sendMessage "HTTP/1.1 200 OK"
2025-05-13 15:22:47,732 - httpx - INFO - HTTP Request: POST https://api.telegram.org/bot7109130727:AAFSsFknqHA_XbrKEaxWwuxyFU8zzDg42SA/getUpdates "HTTP/1.1 200 OK"
2025-05-13 15:22:47,846 - httpx - INFO - HTTP Request: POST https://api.telegram.org/bot7109130727:AAFSsFknqHA_XbrKEaxWwuxyFU8zzDg42SA/sendMessage "HTTP/1.1 200 OK"
2025-05-13 15:22:52,237 - httpx - INFO - HTTP Request: POST https://api.telegram.org/bot7109130727:AAFSsFknqHA_XbrKEaxWwuxyFU8zzDg42SA/getUpdates "HTTP/1.1 200 OK"
2025-05-13 15:22:52,473 - httpx - INFO - HTTP Request: POST https://api.telegram.org/bot7109130727:AAFSsFknqHA_XbrKEaxWwuxyFU8zzDg42SA/sendMessage "HTTP/1.1 200 OK"
2025-05-13 15:22:53,776 - httpx - INFO - HTTP Request: POST https://api.telegram.org/bot7109130727:AAFSsFknqHA_XbrKEaxWwuxyFU8zzDg42SA/getUpdates "HTTP/1.1 200 OK"
2025-05-13 15:22:53,919 - httpx - INFO - HTTP Request: POST https://api.telegram.org/bot7109130727:AAFSsFknqHA_XbrKEaxWwuxyFU8zzDg42SA/sendMessage "HTTP/1.1 200 OK"
2025-05-13 15:22:55,210 - httpx - INFO - HTTP Request: POST https://api.telegram.org/bot7109130727:AAFSsFknqHA_XbrKEaxWwuxyFU8zzDg42SA/getUpdates "HTTP/1.1 200 OK"
2025-05-13 15:22:55,356 - httpx - INFO - HTTP Request: POST https://api.telegram.org/bot7109130727:AAFSsFknqHA_XbrKEaxWwuxyFU8zzDg42SA/sendMessage "HTTP/1.1 200 OK"
2025-05-13 15:22:56,642 - httpx - INFO - HTTP Request: POST https://api.telegram.org/bot7109130727:AAFSsFknqHA_XbrKEaxWwuxyFU8zzDg42SA/getUpdates "HTTP/1.1 200 OK"
2025-05-13 15:22:56,770 - httpx - INFO - HTTP Request: POST https://api.telegram.org/bot7109130727:AAFSsFknqHA_XbrKEaxWwuxyFU8zzDg42SA/sendMessage "HTTP/1.1 200 OK"
2025-05-13 15:23:03,300 - httpx - INFO - HTTP Request: POST https://api.telegram.org/bot7109130727:AAFSsFknqHA_XbrKEaxWwuxyFU8zzDg42SA/getUpdates "HTTP/1.1 200 OK"
2025-05-13 15:23:03,571 - httpx - INFO - HTTP Request: POST https://api.telegram.org/bot7109130727:AAFSsFknqHA_XbrKEaxWwuxyFU8zzDg42SA/sendMessage "HTTP/1.1 200 OK"
2025-05-13 15:23:06,577 - httpx - INFO - HTTP Request: POST https://api.telegram.org/bot7109130727:AAFSsFknqHA_XbrKEaxWwuxyFU8zzDg42SA/getUpdates "HTTP/1.1 200 OK"
2025-05-13 15:23:06,704 - httpx - INFO - HTTP Request: POST https://api.telegram.org/bot7109130727:AAFSsFknqHA_XbrKEaxWwuxyFU8zzDg42SA/sendMessage "HTTP/1.1 200 OK"
2025-05-13 15:23:11,142 - httpx - INFO - HTTP Request: POST https://api.telegram.org/bot7109130727:AAFSsFknqHA_XbrKEaxWwuxyFU8zzDg42SA/getUpdates "HTTP/1.1 200 OK"
2025-05-13 15:23:11,297 - httpx - INFO - HTTP Request: POST https://api.telegram.org/bot7109130727:AAFSsFknqHA_XbrKEaxWwuxyFU8zzDg42SA/sendMessage "HTTP/1.1 200 OK"
2025-05-13 15:23:13,027 - httpx - INFO - HTTP Request: POST https://api.telegram.org/bot7109130727:AAFSsFknqHA_XbrKEaxWwuxyFU8zzDg42SA/getUpdates "HTTP/1.1 200 OK"
2025-05-13 15:23:13,225 - httpx - INFO - HTTP Request: POST https://api.telegram.org/bot7109130727:AAFSsFknqHA_XbrKEaxWwuxyFU8zzDg42SA/sendMessage "HTTP/1.1 200 OK"
2025-05-13 15:23:14,767 - httpx - INFO - HTTP Request: POST https://api.telegram.org/bot7109130727:AAFSsFknqHA_XbrKEaxWwuxyFU8zzDg42SA/getUpdates "HTTP/1.1 200 OK"
2025-05-13 15:23:14,898 - httpx - INFO - HTTP Request: POST https://api.telegram.org/bot7109130727:AAFSsFknqHA_XbrKEaxWwuxyFU8zzDg42SA/sendMessage "HTTP/1.1 200 OK"
2025-05-13 15:23:15,792 - httpx - INFO - HTTP Request: POST https://api.telegram.org/bot7109130727:AAFSsFknqHA_XbrKEaxWwuxyFU8zzDg42SA/getUpdates "HTTP/1.1 200 OK"
2025-05-13 15:23:15,984 - httpx - INFO - HTTP Request: POST https://api.telegram.org/bot7109130727:AAFSsFknqHA_XbrKEaxWwuxyFU8zzDg42SA/sendMessage "HTTP/1.1 200 OK"
2025-05-13 15:23:17,534 - httpx - INFO - HTTP Request: POST https://api.telegram.org/bot7109130727:AAFSsFknqHA_XbrKEaxWwuxyFU8zzDg42SA/getUpdates "HTTP/1.1 200 OK"
2025-05-13 15:23:17,659 - httpx - INFO - HTTP Request: POST https://api.telegram.org/bot7109130727:AAFSsFknqHA_XbrKEaxWwuxyFU8zzDg42SA/sendMessage "HTTP/1.1 200 OK"
2025-05-13 15:23:27,673 - httpx - INFO - HTTP Request: POST https://api.telegram.org/bot7109130727:AAFSsFknqHA_XbrKEaxWwuxyFU8zzDg42SA/getUpdates "HTTP/1.1 200 OK"
2025-05-13 15:23:37,762 - httpx - INFO - HTTP Request: POST https://api.telegram.org/bot7109130727:AAFSsFknqHA_XbrKEaxWwuxyFU8zzDg42SA/getUpdates "HTTP/1.1 200 OK"
2025-05-13 15:23:47,847 - httpx - INFO - HTTP Request: POST https://api.telegram.org/bot7109130727:AAFSsFknqHA_XbrKEaxWwuxyFU8zzDg42SA/getUpdates "HTTP/1.1 200 OK"
2025-05-13 15:23:57,982 - httpx - INFO - HTTP Request: POST https://api.telegram.org/bot7109130727:AAFSsFknqHA_XbrKEaxWwuxyFU8zzDg42SA/getUpdates "HTTP/1.1 200 OK"
2025-05-13 15:24:08,063 - httpx - INFO - HTTP Request: POST https://api.telegram.org/bot7109130727:AAFSsFknqHA_XbrKEaxWwuxyFU8zzDg42SA/getUpdates "HTTP/1.1 200 OK"
2025-05-13 15:24:15,200 - httpx - INFO - HTTP Request: POST https://api.telegram.org/bot7109130727:AAFSsFknqHA_XbrKEaxWwuxyFU8zzDg42SA/getUpdates "HTTP/1.1 200 OK"
2025-05-13 15:24:15,566 - httpx - INFO - HTTP Request: POST https://api.telegram.org/bot7109130727:AAFSsFknqHA_XbrKEaxWwuxyFU8zzDg42SA/sendMessage "HTTP/1.1 200 OK"
2025-05-13 15:24:17,707 - httpx - INFO - HTTP Request: POST https://api.telegram.org/bot7109130727:AAFSsFknqHA_XbrKEaxWwuxyFU8zzDg42SA/getUpdates "HTTP/1.1 200 OK"
2025-05-13 15:24:17,814 - httpx - INFO - HTTP Request: POST https://api.telegram.org/bot7109130727:AAFSsFknqHA_XbrKEaxWwuxyFU8zzDg42SA/sendMessage "HTTP/1.1 200 OK"
2025-05-13 15:24:21,425 - httpx - INFO - HTTP Request: POST https://api.telegram.org/bot7109130727:AAFSsFknqHA_XbrKEaxWwuxyFU8zzDg42SA/getUpdates "HTTP/1.1 200 OK"
2025-05-13 15:24:21,567 - httpx - INFO - HTTP Request: POST https://api.telegram.org/bot7109130727:AAFSsFknqHA_XbrKEaxWwuxyFU8zzDg42SA/sendMessage "HTTP/1.1 200 OK"
2025-05-13 15:24:21,722 - httpx - INFO - HTTP Request: POST https://api.telegram.org/bot7109130727:AAFSsFknqHA_XbrKEaxWwuxyFU8zzDg42SA/sendMessage "HTTP/1.1 200 OK"
2025-05-13 15:24:25,205 - httpx - INFO - HTTP Request: POST https://api.telegram.org/bot7109130727:AAFSsFknqHA_XbrKEaxWwuxyFU8zzDg42SA/getUpdates "HTTP/1.1 200 OK"
2025-05-13 15:24:25,348 - httpx - INFO - HTTP Request: POST https://api.telegram.org/bot7109130727:AAFSsFknqHA_XbrKEaxWwuxyFU8zzDg42SA/sendMessage "HTTP/1.1 200 OK"
2025-05-13 15:24:28,163 - httpx - INFO - HTTP Request: POST https://api.telegram.org/bot7109130727:AAFSsFknqHA_XbrKEaxWwuxyFU8zzDg42SA/getUpdates "HTTP/1.1 200 OK"
2025-05-13 15:24:28,287 - httpx - INFO - HTTP Request: POST https://api.telegram.org/bot7109130727:AAFSsFknqHA_XbrKEaxWwuxyFU8zzDg42SA/sendMessage "HTTP/1.1 200 OK"
2025-05-13 15:24:37,480 - httpx - INFO - HTTP Request: POST https://api.telegram.org/bot7109130727:AAFSsFknqHA_XbrKEaxWwuxyFU8zzDg42SA/getUpdates "HTTP/1.1 200 OK"
2025-05-13 15:24:37,744 - httpx - INFO - HTTP Request: POST https://api.telegram.org/bot7109130727:AAFSsFknqHA_XbrKEaxWwuxyFU8zzDg42SA/sendMessage "HTTP/1.1 200 OK"
2025-05-13 15:24:38,716 - httpx - INFO - HTTP Request: POST https://api.telegram.org/bot7109130727:AAFSsFknqHA_XbrKEaxWwuxyFU8zzDg42SA/getUpdates "HTTP/1.1 200 OK"
2025-05-13 15:24:38,818 - httpx - INFO - HTTP Request: POST https://api.telegram.org/bot7109130727:AAFSsFknqHA_XbrKEaxWwuxyFU8zzDg42SA/sendMessage "HTTP/1.1 200 OK"
2025-05-13 15:24:40,018 - httpx - INFO - HTTP Request: POST https://api.telegram.org/bot7109130727:AAFSsFknqHA_XbrKEaxWwuxyFU8zzDg42SA/getUpdates "HTTP/1.1 200 OK"
2025-05-13 15:24:40,142 - httpx - INFO - HTTP Request: POST https://api.telegram.org/bot7109130727:AAFSsFknqHA_XbrKEaxWwuxyFU8zzDg42SA/sendMessage "HTTP/1.1 200 OK"
2025-05-13 15:24:40,270 - httpx - INFO - HTTP Request: POST https://api.telegram.org/bot7109130727:AAFSsFknqHA_XbrKEaxWwuxyFU8zzDg42SA/sendMessage "HTTP/1.1 200 OK"
2025-05-13 15:24:50,209 - httpx - INFO - HTTP Request: POST https://api.telegram.org/bot7109130727:AAFSsFknqHA_XbrKEaxWwuxyFU8zzDg42SA/getUpdates "HTTP/1.1 200 OK"
2025-05-13 15:25:00,346 - httpx - INFO - HTTP Request: POST https://api.telegram.org/bot7109130727:AAFSsFknqHA_XbrKEaxWwuxyFU8zzDg42SA/getUpdates "HTTP/1.1 200 OK"
2025-05-13 15:25:10,484 - httpx - INFO - HTTP Request: POST https://api.telegram.org/bot7109130727:AAFSsFknqHA_XbrKEaxWwuxyFU8zzDg42SA/getUpdates "HTTP/1.1 200 OK"
2025-05-13 15:25:20,621 - httpx - INFO - HTTP Request: POST https://api.telegram.org/bot7109130727:AAFSsFknqHA_XbrKEaxWwuxyFU8zzDg42SA/getUpdates "HTTP/1.1 200 OK"
2025-05-13 15:25:26,151 - httpx - INFO - HTTP Request: POST https://api.telegram.org/bot7109130727:AAFSsFknqHA_XbrKEaxWwuxyFU8zzDg42SA/getUpdates "HTTP/1.1 200 OK"
2025-05-13 15:25:26,526 - httpx - INFO - HTTP Request: POST https://api.telegram.org/bot7109130727:AAFSsFknqHA_XbrKEaxWwuxyFU8zzDg42SA/sendMessage "HTTP/1.1 200 OK"
2025-05-13 15:25:30,079 - httpx - INFO - HTTP Request: POST https://api.telegram.org/bot7109130727:AAFSsFknqHA_XbrKEaxWwuxyFU8zzDg42SA/getUpdates "HTTP/1.1 200 OK"
2025-05-13 15:25:30,189 - httpx - INFO - HTTP Request: POST https://api.telegram.org/bot7109130727:AAFSsFknqHA_XbrKEaxWwuxyFU8zzDg42SA/sendMessage "HTTP/1.1 200 OK"
2025-05-13 15:25:31,782 - httpx - INFO - HTTP Request: POST https://api.telegram.org/bot7109130727:AAFSsFknqHA_XbrKEaxWwuxyFU8zzDg42SA/getUpdates "HTTP/1.1 200 OK"
2025-05-13 15:25:31,907 - httpx - INFO - HTTP Request: POST https://api.telegram.org/bot7109130727:AAFSsFknqHA_XbrKEaxWwuxyFU8zzDg42SA/sendMessage "HTTP/1.1 200 OK"
2025-05-13 15:25:33,933 - httpx - INFO - HTTP Request: POST https://api.telegram.org/bot7109130727:AAFSsFknqHA_XbrKEaxWwuxyFU8zzDg42SA/getUpdates "HTTP/1.1 200 OK"
2025-05-13 15:25:34,049 - httpx - INFO - HTTP Request: POST https://api.telegram.org/bot7109130727:AAFSsFknqHA_XbrKEaxWwuxyFU8zzDg42SA/sendMessage "HTTP/1.1 200 OK"
2025-05-13 15:25:44,019 - httpx - INFO - HTTP Request: POST https://api.telegram.org/bot7109130727:AAFSsFknqHA_XbrKEaxWwuxyFU8zzDg42SA/getUpdates "HTTP/1.1 200 OK"
2025-05-13 15:25:45,101 - httpx - INFO - HTTP Request: POST https://api.telegram.org/bot7109130727:AAFSsFknqHA_XbrKEaxWwuxyFU8zzDg42SA/getUpdates "HTTP/1.1 200 OK"
2025-05-13 15:25:45,380 - httpx - INFO - HTTP Request: POST https://api.telegram.org/bot7109130727:AAFSsFknqHA_XbrKEaxWwuxyFU8zzDg42SA/sendMessage "HTTP/1.1 200 OK"
2025-05-13 15:25:51,545 - httpx - INFO - HTTP Request: POST https://api.telegram.org/bot7109130727:AAFSsFknqHA_XbrKEaxWwuxyFU8zzDg42SA/getUpdates "HTTP/1.1 200 OK"
2025-05-13 15:25:52,025 - httpx - INFO - HTTP Request: POST https://api.telegram.org/bot7109130727:AAFSsFknqHA_XbrKEaxWwuxyFU8zzDg42SA/sendMessage "HTTP/1.1 200 OK"
2025-05-13 15:25:53,896 - httpx - INFO - HTTP Request: POST https://api.telegram.org/bot7109130727:AAFSsFknqHA_XbrKEaxWwuxyFU8zzDg42SA/getUpdates "HTTP/1.1 200 OK"
2025-05-13 15:25:54,023 - httpx - INFO - HTTP Request: POST https://api.telegram.org/bot7109130727:AAFSsFknqHA_XbrKEaxWwuxyFU8zzDg42SA/sendMessage "HTTP/1.1 200 OK"
2025-05-13 15:25:55,458 - httpx - INFO - HTTP Request: POST https://api.telegram.org/bot7109130727:AAFSsFknqHA_XbrKEaxWwuxyFU8zzDg42SA/getUpdates "HTTP/1.1 200 OK"
2025-05-13 15:25:55,625 - httpx - INFO - HTTP Request: POST https://api.telegram.org/bot7109130727:AAFSsFknqHA_XbrKEaxWwuxyFU8zzDg42SA/sendMessage "HTTP/1.1 200 OK"
2025-05-13 15:25:57,998 - httpx - INFO - HTTP Request: POST https://api.telegram.org/bot7109130727:AAFSsFknqHA_XbrKEaxWwuxyFU8zzDg42SA/getUpdates "HTTP/1.1 200 OK"
2025-05-13 15:25:58,116 - httpx - INFO - HTTP Request: POST https://api.telegram.org/bot7109130727:AAFSsFknqHA_XbrKEaxWwuxyFU8zzDg42SA/sendMessage "HTTP/1.1 200 OK"
2025-05-13 15:25:59,724 - httpx - INFO - HTTP Request: POST https://api.telegram.org/bot7109130727:AAFSsFknqHA_XbrKEaxWwuxyFU8zzDg42SA/getUpdates "HTTP/1.1 200 OK"
2025-05-13 15:25:59,839 - httpx - INFO - HTTP Request: POST https://api.telegram.org/bot7109130727:AAFSsFknqHA_XbrKEaxWwuxyFU8zzDg42SA/sendMessage "HTTP/1.1 200 OK"
2025-05-13 15:26:01,370 - httpx - INFO - HTTP Request: POST https://api.telegram.org/bot7109130727:AAFSsFknqHA_XbrKEaxWwuxyFU8zzDg42SA/getUpdates "HTTP/1.1 200 OK"
2025-05-13 15:26:01,472 - httpx - INFO - HTTP Request: POST https://api.telegram.org/bot7109130727:AAFSsFknqHA_XbrKEaxWwuxyFU8zzDg42SA/sendMessage "HTTP/1.1 200 OK"
2025-05-13 15:26:06,497 - httpx - INFO - HTTP Request: POST https://api.telegram.org/bot7109130727:AAFSsFknqHA_XbrKEaxWwuxyFU8zzDg42SA/getUpdates "HTTP/1.1 200 OK"
2025-05-13 15:26:06,815 - httpx - INFO - HTTP Request: POST https://api.telegram.org/bot7109130727:AAFSsFknqHA_XbrKEaxWwuxyFU8zzDg42SA/sendMessage "HTTP/1.1 200 OK"
2025-05-13 15:26:08,601 - httpx - INFO - HTTP Request: POST https://api.telegram.org/bot7109130727:AAFSsFknqHA_XbrKEaxWwuxyFU8zzDg42SA/getUpdates "HTTP/1.1 200 OK"
2025-05-13 15:26:08,725 - httpx - INFO - HTTP Request: POST https://api.telegram.org/bot7109130727:AAFSsFknqHA_XbrKEaxWwuxyFU8zzDg42SA/sendMessage "HTTP/1.1 200 OK"
2025-05-13 15:26:17,762 - httpx - INFO - HTTP Request: POST https://api.telegram.org/bot7109130727:AAFSsFknqHA_XbrKEaxWwuxyFU8zzDg42SA/getUpdates "HTTP/1.1 200 OK"
2025-05-13 15:26:18,046 - httpx - INFO - HTTP Request: POST https://api.telegram.org/bot7109130727:AAFSsFknqHA_XbrKEaxWwuxyFU8zzDg42SA/sendMessage "HTTP/1.1 200 OK"
2025-05-13 15:26:19,708 - httpx - INFO - HTTP Request: POST https://api.telegram.org/bot7109130727:AAFSsFknqHA_XbrKEaxWwuxyFU8zzDg42SA/getUpdates "HTTP/1.1 200 OK"
2025-05-13 15:26:19,835 - httpx - INFO - HTTP Request: POST https://api.telegram.org/bot7109130727:AAFSsFknqHA_XbrKEaxWwuxyFU8zzDg42SA/sendMessage "HTTP/1.1 200 OK"
2025-05-13 15:26:26,054 - httpx - INFO - HTTP Request: POST https://api.telegram.org/bot7109130727:AAFSsFknqHA_XbrKEaxWwuxyFU8zzDg42SA/getUpdates "HTTP/1.1 200 OK"
2025-05-13 15:26:26,311 - httpx - INFO - HTTP Request: POST https://api.telegram.org/bot7109130727:AAFSsFknqHA_XbrKEaxWwuxyFU8zzDg42SA/sendMessage "HTTP/1.1 200 OK"
2025-05-13 15:26:28,104 - httpx - INFO - HTTP Request: POST https://api.telegram.org/bot7109130727:AAFSsFknqHA_XbrKEaxWwuxyFU8zzDg42SA/getUpdates "HTTP/1.1 200 OK"
2025-05-13 15:26:28,225 - httpx - INFO - HTTP Request: POST https://api.telegram.org/bot7109130727:AAFSsFknqHA_XbrKEaxWwuxyFU8zzDg42SA/sendMessage "HTTP/1.1 200 OK"
2025-05-13 15:26:38,242 - httpx - INFO - HTTP Request: POST https://api.telegram.org/bot7109130727:AAFSsFknqHA_XbrKEaxWwuxyFU8zzDg42SA/getUpdates "HTTP/1.1 200 OK"
2025-05-13 15:26:48,382 - httpx - INFO - HTTP Request: POST https://api.telegram.org/bot7109130727:AAFSsFknqHA_XbrKEaxWwuxyFU8zzDg42SA/getUpdates "HTTP/1.1 200 OK"
2025-05-13 15:26:58,473 - httpx - INFO - HTTP Request: POST https://api.telegram.org/bot7109130727:AAFSsFknqHA_XbrKEaxWwuxyFU8zzDg42SA/getUpdates "HTTP/1.1 200 OK"
2025-05-13 15:27:08,573 - httpx - INFO - HTTP Request: POST https://api.telegram.org/bot7109130727:AAFSsFknqHA_XbrKEaxWwuxyFU8zzDg42SA/getUpdates "HTTP/1.1 200 OK"
2025-05-13 15:27:14,622 - httpx - INFO - HTTP Request: POST https://api.telegram.org/bot7109130727:AAFSsFknqHA_XbrKEaxWwuxyFU8zzDg42SA/getUpdates "HTTP/1.1 200 OK"
2025-05-13 15:27:14,904 - httpx - INFO - HTTP Request: POST https://api.telegram.org/bot7109130727:AAFSsFknqHA_XbrKEaxWwuxyFU8zzDg42SA/sendMessage "HTTP/1.1 200 OK"
2025-05-13 15:27:16,847 - httpx - INFO - HTTP Request: POST https://api.telegram.org/bot7109130727:AAFSsFknqHA_XbrKEaxWwuxyFU8zzDg42SA/getUpdates "HTTP/1.1 200 OK"
2025-05-13 15:27:16,959 - httpx - INFO - HTTP Request: POST https://api.telegram.org/bot7109130727:AAFSsFknqHA_XbrKEaxWwuxyFU8zzDg42SA/sendMessage "HTTP/1.1 200 OK"
2025-05-13 15:27:17,974 - httpx - INFO - HTTP Request: POST https://api.telegram.org/bot7109130727:AAFSsFknqHA_XbrKEaxWwuxyFU8zzDg42SA/getUpdates "HTTP/1.1 200 OK"
2025-05-13 15:27:18,110 - httpx - INFO - HTTP Request: POST https://api.telegram.org/bot7109130727:AAFSsFknqHA_XbrKEaxWwuxyFU8zzDg42SA/sendMessage "HTTP/1.1 200 OK"
2025-05-13 15:27:19,407 - httpx - INFO - HTTP Request: POST https://api.telegram.org/bot7109130727:AAFSsFknqHA_XbrKEaxWwuxyFU8zzDg42SA/getUpdates "HTTP/1.1 200 OK"
2025-05-13 15:27:19,510 - httpx - INFO - HTTP Request: POST https://api.telegram.org/bot7109130727:AAFSsFknqHA_XbrKEaxWwuxyFU8zzDg42SA/sendMessage "HTTP/1.1 200 OK"
2025-05-13 15:27:25,122 - httpx - INFO - HTTP Request: POST https://api.telegram.org/bot7109130727:AAFSsFknqHA_XbrKEaxWwuxyFU8zzDg42SA/getUpdates "HTTP/1.1 200 OK"
2025-05-13 15:27:25,217 - httpx - INFO - HTTP Request: POST https://api.telegram.org/bot7109130727:AAFSsFknqHA_XbrKEaxWwuxyFU8zzDg42SA/getUpdates "HTTP/1.1 200 OK"
2025-05-13 15:27:25,491 - httpx - INFO - HTTP Request: POST https://api.telegram.org/bot7109130727:AAFSsFknqHA_XbrKEaxWwuxyFU8zzDg42SA/sendMessage "HTTP/1.1 200 OK"
2025-05-13 15:27:25,686 - httpx - INFO - HTTP Request: POST https://api.telegram.org/bot7109130727:AAFSsFknqHA_XbrKEaxWwuxyFU8zzDg42SA/sendMessage "HTTP/1.1 200 OK"
2025-05-13 15:27:26,663 - httpx - INFO - HTTP Request: POST https://api.telegram.org/bot7109130727:AAFSsFknqHA_XbrKEaxWwuxyFU8zzDg42SA/getUpdates "HTTP/1.1 200 OK"
2025-05-13 15:27:26,799 - httpx - INFO - HTTP Request: POST https://api.telegram.org/bot7109130727:AAFSsFknqHA_XbrKEaxWwuxyFU8zzDg42SA/sendMessage "HTTP/1.1 200 OK"
2025-05-13 15:27:27,703 - httpx - INFO - HTTP Request: POST https://api.telegram.org/bot7109130727:AAFSsFknqHA_XbrKEaxWwuxyFU8zzDg42SA/getUpdates "HTTP/1.1 200 OK"
2025-05-13 15:27:27,872 - httpx - INFO - HTTP Request: POST https://api.telegram.org/bot7109130727:AAFSsFknqHA_XbrKEaxWwuxyFU8zzDg42SA/sendMessage "HTTP/1.1 200 OK"
2025-05-13 15:27:28,173 - httpx - INFO - HTTP Request: POST https://api.telegram.org/bot7109130727:AAFSsFknqHA_XbrKEaxWwuxyFU8zzDg42SA/getUpdates "HTTP/1.1 200 OK"
2025-05-13 15:27:28,449 - httpx - INFO - HTTP Request: POST https://api.telegram.org/bot7109130727:AAFSsFknqHA_XbrKEaxWwuxyFU8zzDg42SA/sendMessage "HTTP/1.1 200 OK"
2025-05-13 15:27:29,810 - httpx - INFO - HTTP Request: POST https://api.telegram.org/bot7109130727:AAFSsFknqHA_XbrKEaxWwuxyFU8zzDg42SA/getUpdates "HTTP/1.1 200 OK"
2025-05-13 15:27:29,959 - httpx - INFO - HTTP Request: POST https://api.telegram.org/bot7109130727:AAFSsFknqHA_XbrKEaxWwuxyFU8zzDg42SA/sendMessage "HTTP/1.1 200 OK"
2025-05-13 15:27:30,089 - httpx - INFO - HTTP Request: POST https://api.telegram.org/bot7109130727:AAFSsFknqHA_XbrKEaxWwuxyFU8zzDg42SA/sendMessage "HTTP/1.1 200 OK"
2025-05-13 15:27:36,477 - httpx - INFO - HTTP Request: POST https://api.telegram.org/bot7109130727:AAFSsFknqHA_XbrKEaxWwuxyFU8zzDg42SA/getUpdates "HTTP/1.1 200 OK"
2025-05-13 15:27:36,801 - httpx - INFO - HTTP Request: POST https://api.telegram.org/bot7109130727:AAFSsFknqHA_XbrKEaxWwuxyFU8zzDg42SA/sendMessage "HTTP/1.1 200 OK"
2025-05-13 15:27:37,997 - httpx - INFO - HTTP Request: POST https://api.telegram.org/bot7109130727:AAFSsFknqHA_XbrKEaxWwuxyFU8zzDg42SA/getUpdates "HTTP/1.1 200 OK"
2025-05-13 15:27:38,121 - httpx - INFO - HTTP Request: POST https://api.telegram.org/bot7109130727:AAFSsFknqHA_XbrKEaxWwuxyFU8zzDg42SA/sendMessage "HTTP/1.1 200 OK"
2025-05-13 15:27:42,254 - httpx - INFO - HTTP Request: POST https://api.telegram.org/bot7109130727:AAFSsFknqHA_XbrKEaxWwuxyFU8zzDg42SA/getUpdates "HTTP/1.1 200 OK"
2025-05-13 15:27:42,386 - httpx - INFO - HTTP Request: POST https://api.telegram.org/bot7109130727:AAFSsFknqHA_XbrKEaxWwuxyFU8zzDg42SA/sendMessage "HTTP/1.1 200 OK"
2025-05-13 15:27:43,536 - httpx - INFO - HTTP Request: POST https://api.telegram.org/bot7109130727:AAFSsFknqHA_XbrKEaxWwuxyFU8zzDg42SA/getUpdates "HTTP/1.1 200 OK"
2025-05-13 15:27:43,738 - httpx - INFO - HTTP Request: POST https://api.telegram.org/bot7109130727:AAFSsFknqHA_XbrKEaxWwuxyFU8zzDg42SA/sendMessage "HTTP/1.1 200 OK"
2025-05-13 15:27:43,977 - httpx - INFO - HTTP Request: POST https://api.telegram.org/bot7109130727:AAFSsFknqHA_XbrKEaxWwuxyFU8zzDg42SA/sendMessage "HTTP/1.1 200 OK"
2025-05-13 15:27:53,712 - httpx - INFO - HTTP Request: POST https://api.telegram.org/bot7109130727:AAFSsFknqHA_XbrKEaxWwuxyFU8zzDg42SA/getUpdates "HTTP/1.1 200 OK"
2025-05-13 15:28:02,693 - httpx - INFO - HTTP Request: POST https://api.telegram.org/bot7109130727:AAFSsFknqHA_XbrKEaxWwuxyFU8zzDg42SA/getUpdates "HTTP/1.1 200 OK"
2025-05-13 15:28:03,052 - httpx - INFO - HTTP Request: POST https://api.telegram.org/bot7109130727:AAFSsFknqHA_XbrKEaxWwuxyFU8zzDg42SA/sendMessage "HTTP/1.1 200 OK"
2025-05-13 15:28:06,043 - httpx - INFO - HTTP Request: POST https://api.telegram.org/bot7109130727:AAFSsFknqHA_XbrKEaxWwuxyFU8zzDg42SA/getUpdates "HTTP/1.1 200 OK"
2025-05-13 15:28:06,152 - httpx - INFO - HTTP Request: POST https://api.telegram.org/bot7109130727:AAFSsFknqHA_XbrKEaxWwuxyFU8zzDg42SA/sendMessage "HTTP/1.1 200 OK"
2025-05-13 15:28:06,261 - httpx - INFO - HTTP Request: POST https://api.telegram.org/bot7109130727:AAFSsFknqHA_XbrKEaxWwuxyFU8zzDg42SA/sendMessage "HTTP/1.1 200 OK"
2025-05-13 15:28:08,293 - httpx - INFO - HTTP Request: POST https://api.telegram.org/bot7109130727:AAFSsFknqHA_XbrKEaxWwuxyFU8zzDg42SA/getUpdates "HTTP/1.1 200 OK"
2025-05-13 15:28:08,391 - httpx - INFO - HTTP Request: POST https://api.telegram.org/bot7109130727:AAFSsFknqHA_XbrKEaxWwuxyFU8zzDg42SA/sendMessage "HTTP/1.1 200 OK"
2025-05-13 15:28:18,492 - httpx - INFO - HTTP Request: POST https://api.telegram.org/bot7109130727:AAFSsFknqHA_XbrKEaxWwuxyFU8zzDg42SA/getUpdates "HTTP/1.1 200 OK"
2025-05-13 15:28:25,203 - httpx - INFO - HTTP Request: POST https://api.telegram.org/bot7109130727:AAFSsFknqHA_XbrKEaxWwuxyFU8zzDg42SA/getUpdates "HTTP/1.1 200 OK"
2025-05-13 15:28:25,204 - telegram.ext.Application - INFO - Application is stopping. This might take a moment.
2025-05-13 15:28:25,204 - telegram.ext.Application - INFO - Application.stop() complete
